Determining if the pthread_create exist failed with the following output:
Change Dir: /home/gareth/programming/IGVC-2017/src/cmake-build-debug/CMakeFiles/CMakeTmp

Run Build Command:"/usr/bin/make" "cmTC_1a089/fast"
/usr/bin/make -f CMakeFiles/cmTC_1a089.dir/build.make CMakeFiles/cmTC_1a089.dir/build
make[1]: Entering directory '/home/gareth/programming/IGVC-2017/src/cmake-build-debug/CMakeFiles/CMakeTmp'
Building C object CMakeFiles/cmTC_1a089.dir/CheckSymbolExists.c.o
/usr/bin/cc     -o CMakeFiles/cmTC_1a089.dir/CheckSymbolExists.c.o   -c /home/gareth/programming/IGVC-2017/src/cmake-build-debug/CMakeFiles/CMakeTmp/CheckSymbolExists.c
Linking C executable cmTC_1a089
/home/gareth/CLion-2016.3.2/bin/cmake/bin/cmake -E cmake_link_script CMakeFiles/cmTC_1a089.dir/link.txt --verbose=1
/usr/bin/cc       CMakeFiles/cmTC_1a089.dir/CheckSymbolExists.c.o  -o cmTC_1a089 -rdynamic 
CMakeFiles/cmTC_1a089.dir/CheckSymbolExists.c.o: In function `main':
CheckSymbolExists.c:(.text+0x16): undefined reference to `pthread_create'
collect2: error: ld returned 1 exit status
CMakeFiles/cmTC_1a089.dir/build.make:97: recipe for target 'cmTC_1a089' failed
make[1]: *** [cmTC_1a089] Error 1
make[1]: Leaving directory '/home/gareth/programming/IGVC-2017/src/cmake-build-debug/CMakeFiles/CMakeTmp'
Makefile:126: recipe for target 'cmTC_1a089/fast' failed
make: *** [cmTC_1a089/fast] Error 2

File /home/gareth/programming/IGVC-2017/src/cmake-build-debug/CMakeFiles/CMakeTmp/CheckSymbolExists.c:
/* */
#include <pthread.h>

int main(int argc, char** argv)
{
  (void)argv;
#ifndef pthread_create
  return ((int*)(&pthread_create))[argc];
#else
  (void)argc;
  return 0;
#endif
}

Determining if the function pthread_create exists in the pthreads failed with the following output:
Change Dir: /home/gareth/programming/IGVC-2017/src/cmake-build-debug/CMakeFiles/CMakeTmp

Run Build Command:"/usr/bin/make" "cmTC_6d965/fast"
/usr/bin/make -f CMakeFiles/cmTC_6d965.dir/build.make CMakeFiles/cmTC_6d965.dir/build
make[1]: Entering directory '/home/gareth/programming/IGVC-2017/src/cmake-build-debug/CMakeFiles/CMakeTmp'
Building C object CMakeFiles/cmTC_6d965.dir/CheckFunctionExists.c.o
/usr/bin/cc    -DCHECK_FUNCTION_EXISTS=pthread_create   -o CMakeFiles/cmTC_6d965.dir/CheckFunctionExists.c.o   -c /home/gareth/CLion-2016.3.2/bin/cmake/share/cmake-3.6/Modules/CheckFunctionExists.c
Linking C executable cmTC_6d965
/home/gareth/CLion-2016.3.2/bin/cmake/bin/cmake -E cmake_link_script CMakeFiles/cmTC_6d965.dir/link.txt --verbose=1
/usr/bin/cc   -DCHECK_FUNCTION_EXISTS=pthread_create    CMakeFiles/cmTC_6d965.dir/CheckFunctionExists.c.o  -o cmTC_6d965 -rdynamic -lpthreads 
/usr/bin/ld: cannot find -lpthreads
collect2: error: ld returned 1 exit status
CMakeFiles/cmTC_6d965.dir/build.make:97: recipe for target 'cmTC_6d965' failed
make[1]: *** [cmTC_6d965] Error 1
make[1]: Leaving directory '/home/gareth/programming/IGVC-2017/src/cmake-build-debug/CMakeFiles/CMakeTmp'
Makefile:126: recipe for target 'cmTC_6d965/fast' failed
make: *** [cmTC_6d965/fast] Error 2


